TN:
SF:src\config\index.js
FNF:0
FNH:0
DA:1,3
DA:2,3
DA:4,3
LF:3
LH:3
BRDA:2,0,0,3
BRDA:2,0,1,3
BRDA:5,1,0,3
BRDA:5,1,1,0
BRDA:6,2,0,3
BRDA:6,2,1,0
BRDA:7,3,0,3
BRDA:7,3,1,3
BRDA:10,4,0,3
BRDA:10,4,1,3
BRDA:11,5,0,3
BRDA:11,5,1,3
BRDA:12,6,0,3
BRDA:12,6,1,3
BRDA:13,7,0,3
BRDA:13,7,1,3
BRDA:14,8,0,3
BRDA:14,8,1,3
BRDA:15,9,0,3
BRDA:15,9,1,3
BRDA:16,10,0,0
BRDA:16,10,1,3
BRDA:16,11,0,3
BRDA:16,11,1,3
BRDA:16,12,0,3
BRDA:16,12,1,3
BRDA:21,13,0,3
BRDA:21,13,1,3
BRDA:22,14,0,3
BRDA:22,14,1,3
BRDA:23,15,0,3
BRDA:23,15,1,3
BRDA:24,16,0,3
BRDA:24,16,1,3
BRDA:27,17,0,3
BRDA:27,17,1,3
BRDA:27,17,2,3
BRDA:28,18,0,3
BRDA:28,18,1,3
BRDA:29,19,0,3
BRDA:29,19,1,3
BRDA:30,20,0,3
BRDA:30,20,1,3
BRDA:31,21,0,3
BRDA:31,21,1,3
BRDA:32,22,0,3
BRDA:32,22,1,3
BRF:47
BRH:44
end_of_record
TN:
SF:src\controllers\api-tester.controller.js
FN:1,getTesterUI
FNF:1
FNH:0
FNDA:0,getTesterUI
DA:2,0
DA:287,0
DA:290,1
LF:3
LH:1
BRF:0
BRH:0
end_of_record
TN:
SF:src\controllers\audit.controller.js
FN:4,(anonymous_0)
FN:20,(anonymous_1)
FNF:2
FNH:0
FNDA:0,(anonymous_0)
FNDA:0,(anonymous_1)
DA:1,1
DA:3,1
DA:5,0
DA:6,0
DA:7,0
DA:8,0
DA:9,0
DA:10,0
DA:11,0
DA:12,0
DA:13,0
DA:15,0
DA:16,0
DA:17,0
DA:21,0
DA:22,0
DA:23,0
DA:24,0
DA:25,0
DA:26,0
DA:30,1
LF:21
LH:3
BRDA:6,0,0,0
BRDA:6,1,0,0
BRDA:8,2,0,0
BRDA:8,2,1,0
BRDA:9,3,0,0
BRDA:9,3,1,0
BRDA:10,4,0,0
BRDA:10,4,1,0
BRDA:11,5,0,0
BRDA:11,5,1,0
BRDA:12,6,0,0
BRDA:12,6,1,0
BRDA:13,7,0,0
BRDA:13,7,1,0
BRDA:23,8,0,0
BRF:15
BRH:0
end_of_record
TN:
SF:src\controllers\auth.controller.js
FN:5,(anonymous_0)
FN:13,(anonymous_1)
FN:24,(anonymous_2)
FN:32,(anonymous_3)
FN:40,(anonymous_4)
FNF:5
FNH:4
FNDA:2,(anonymous_0)
FNDA:2,(anonymous_1)
FNDA:1,(anonymous_2)
FNDA:1,(anonymous_3)
FNDA:0,(anonymous_4)
DA:1,1
DA:2,1
DA:4,1
DA:6,2
DA:7,2
DA:8,1
DA:9,1
DA:10,1
DA:14,2
DA:15,2
DA:16,1
DA:17,1
DA:19,1
DA:20,1
DA:25,1
DA:26,1
DA:27,1
DA:28,1
DA:29,0
DA:33,1
DA:34,1
DA:35,1
DA:36,1
DA:37,0
DA:41,0
DA:42,0
DA:43,0
DA:44,0
DA:53,0
DA:54,0
DA:58,1
LF:31
LH:23
BRDA:27,0,0,0
BRDA:27,0,1,1
BRDA:34,1,0,1
BRDA:34,2,0,1
BRDA:43,3,0,0
BRDA:43,3,1,0
BRF:6
BRH:3
end_of_record
TN:
SF:src\controllers\customers.controller.js
FN:4,(anonymous_0)
FN:12,(anonymous_1)
FN:20,(anonymous_2)
FN:27,(anonymous_3)
FN:35,(anonymous_4)
FN:42,(anonymous_5)
FN:47,(anonymous_6)
FNF:7
FNH:2
FNDA:1,(anonymous_0)
FNDA:0,(anonymous_1)
FNDA:0,(anonymous_2)
FNDA:0,(anonymous_3)
FNDA:0,(anonymous_4)
FNDA:1,(anonymous_5)
FNDA:0,(anonymous_6)
DA:1,1
DA:3,1
DA:5,1
DA:6,1
DA:7,1
DA:8,1
DA:9,0
DA:13,0
DA:14,0
DA:15,0
DA:16,0
DA:17,0
DA:21,0
DA:22,0
DA:23,0
DA:24,0
DA:28,0
DA:29,0
DA:30,0
DA:31,0
DA:32,0
DA:36,0
DA:37,0
DA:38,0
DA:39,0
DA:43,1
DA:44,0
DA:48,0
DA:49,0
DA:50,0
DA:51,0
DA:55,1
LF:32
LH:8
BRDA:6,0,0,1
BRDA:6,1,0,1
BRDA:15,2,0,0
BRDA:15,2,1,0
BRDA:30,3,0,0
BRDA:30,3,1,0
BRF:6
BRH:2
end_of_record
TN:
SF:src\controllers\health.controller.js
FN:7,(anonymous_0)
FN:26,(anonymous_1)
FNF:2
FNH:0
FNDA:0,(anonymous_0)
FNDA:0,(anonymous_1)
DA:1,0
DA:2,0
DA:3,0
DA:4,0
DA:6,0
DA:8,0
DA:9,0
DA:10,0
DA:11,0
DA:12,0
DA:13,0
DA:27,0
DA:28,0
DA:29,0
DA:30,0
DA:31,0
DA:32,0
DA:36,0
LF:18
LH:0
BRDA:12,0,0,0
BRDA:12,0,1,0
BRDA:12,0,2,0
BRDA:13,1,0,0
BRDA:13,1,1,0
BRDA:15,2,0,0
BRDA:15,2,1,0
BRDA:17,3,0,0
BRDA:17,3,1,0
BRDA:18,4,0,0
BRDA:18,4,1,0
BRDA:19,5,0,0
BRDA:19,5,1,0
BRDA:31,6,0,0
BRDA:31,6,1,0
BRDA:31,6,2,0
BRDA:32,7,0,0
BRDA:32,7,1,0
BRF:18
BRH:0
end_of_record
TN:
SF:src\controllers\inventory.controller.js
FN:4,(anonymous_0)
FN:15,(anonymous_1)
FN:23,(anonymous_2)
FN:30,(anonymous_3)
FN:38,(anonymous_4)
FN:45,(anonymous_5)
FN:50,(anonymous_6)
FNF:7
FNH:4
FNDA:1,(anonymous_0)
FNDA:2,(anonymous_1)
FNDA:1,(anonymous_2)
FNDA:0,(anonymous_3)
FNDA:0,(anonymous_4)
FNDA:1,(anonymous_5)
FNDA:0,(anonymous_6)
DA:1,1
DA:3,1
DA:5,1
DA:6,1
DA:7,1
DA:8,1
DA:9,1
DA:10,1
DA:11,1
DA:12,0
DA:16,2
DA:17,2
DA:18,2
DA:19,1
DA:20,0
DA:24,1
DA:25,1
DA:26,1
DA:27,0
DA:31,0
DA:32,0
DA:33,0
DA:34,0
DA:35,0
DA:39,0
DA:40,0
DA:41,0
DA:42,0
DA:46,1
DA:47,0
DA:51,0
DA:52,0
DA:56,1
LF:33
LH:18
BRDA:6,0,0,1
BRDA:6,1,0,1
BRDA:8,2,0,0
BRDA:8,2,1,1
BRDA:9,3,0,0
BRDA:9,3,1,1
BRDA:18,4,0,1
BRDA:18,4,1,1
BRDA:33,5,0,0
BRDA:33,5,1,0
BRF:10
BRH:6
end_of_record
TN:
SF:src\controllers\notifications.controller.js
FN:4,(anonymous_0)
FN:9,(anonymous_1)
FN:17,(anonymous_2)
FN:25,(anonymous_3)
FN:32,(anonymous_4)
FN:37,(anonymous_5)
FNF:6
FNH:2
FNDA:0,(anonymous_0)
FNDA:1,(anonymous_1)
FNDA:0,(anonymous_2)
FNDA:0,(anonymous_3)
FNDA:0,(anonymous_4)
FNDA:1,(anonymous_5)
DA:1,1
DA:3,1
DA:5,0
DA:6,0
DA:10,1
DA:11,1
DA:12,1
DA:13,1
DA:14,0
DA:18,0
DA:19,0
DA:20,0
DA:21,0
DA:22,0
DA:26,0
DA:27,0
DA:28,0
DA:29,0
DA:33,0
DA:34,0
DA:38,1
DA:39,1
DA:40,1
DA:41,0
DA:45,1
LF:25
LH:10
BRDA:11,0,0,1
BRDA:11,1,0,1
BRDA:20,2,0,0
BRDA:20,2,1,0
BRF:4
BRH:2
end_of_record
TN:
SF:src\controllers\sales.controller.js
FN:4,(anonymous_0)
FN:13,(anonymous_1)
FN:21,(anonymous_2)
FN:29,(anonymous_3)
FN:37,(anonymous_4)
FNF:5
FNH:3
FNDA:1,(anonymous_0)
FNDA:1,(anonymous_1)
FNDA:0,(anonymous_2)
FNDA:0,(anonymous_3)
FNDA:2,(anonymous_4)
DA:1,1
DA:3,1
DA:5,1
DA:6,1
DA:7,1
DA:8,1
DA:9,1
DA:10,0
DA:14,1
DA:15,1
DA:16,1
DA:17,1
DA:18,0
DA:22,0
DA:23,0
DA:24,0
DA:25,0
DA:26,0
DA:30,0
DA:31,0
DA:32,0
DA:33,0
DA:34,0
DA:38,2
DA:39,2
DA:40,2
DA:41,1
DA:42,0
DA:46,1
LF:29
LH:16
BRDA:6,0,0,1
BRDA:6,1,0,1
BRDA:16,2,0,0
BRDA:16,2,1,1
BRDA:32,3,0,0
BRDA:32,3,1,0
BRDA:40,4,0,1
BRDA:40,4,1,1
BRF:8
BRH:5
end_of_record
TN:
SF:src\controllers\test-ui.controller.js
FN:4,(anonymous_0)
FNF:1
FNH:0
FNDA:0,(anonymous_0)
DA:4,1
DA:5,0
LF:2
LH:1
BRF:0
BRH:0
end_of_record
TN:
SF:src\controllers\test.controller.js
FN:66,runCommand
FN:67,(anonymous_1)
FN:68,(anonymous_2)
FN:82,(anonymous_3)
FN:83,(anonymous_4)
FN:99,(anonymous_5)
FN:144,(anonymous_6)
FN:175,(anonymous_7)
FNF:8
FNH:0
FNDA:0,runCommand
FNDA:0,(anonymous_1)
FNDA:0,(anonymous_2)
FNDA:0,(anonymous_3)
FNDA:0,(anonymous_4)
FNDA:0,(anonymous_5)
FNDA:0,(anonymous_6)
FNDA:0,(anonymous_7)
DA:4,1
DA:5,1
DA:8,1
DA:67,0
DA:68,0
DA:69,0
DA:82,1
DA:83,0
DA:90,0
DA:99,1
DA:100,0
DA:101,0
DA:103,0
DA:104,0
DA:110,0
DA:112,0
DA:113,0
DA:116,0
DA:117,0
DA:118,0
DA:119,0
DA:124,0
DA:134,0
DA:144,1
DA:145,0
DA:147,0
DA:148,0
DA:150,0
DA:151,0
DA:152,0
DA:153,0
DA:158,0
DA:165,0
DA:175,1
DA:176,0
LF:35
LH:7
BRDA:73,0,0,0
BRDA:73,0,1,0
BRDA:103,1,0,0
BRDA:103,1,1,0
BRDA:131,2,0,0
BRDA:131,2,1,0
BRDA:162,3,0,0
BRDA:162,3,1,0
BRF:8
BRH:0
end_of_record
TN:
SF:src\database\queryWrapper.js
FN:26,detectOperation
FN:40,extractEntity
FN:62,extractRecordId
FN:84,getRequestContext
FN:100,query
FN:180,transaction
FNF:6
FNH:6
FNDA:11,detectOperation
FNDA:10,extractEntity
FNDA:4,extractRecordId
FNDA:6,getRequestContext
FNDA:7,query
FNDA:2,transaction
DA:17,1
DA:18,1
DA:19,1
DA:27,11
DA:28,11
DA:29,6
DA:30,4
DA:31,2
DA:41,10
DA:44,10
DA:45,5
DA:46,5
DA:47,2
DA:48,3
DA:49,2
DA:52,10
DA:63,4
DA:68,4
DA:69,4
DA:70,3
DA:71,3
DA:74,1
DA:82,1
DA:85,6
DA:101,7
DA:102,7
DA:104,7
DA:106,7
DA:108,1
DA:111,6
DA:112,6
DA:113,6
DA:116,6
DA:117,2
DA:118,2
DA:119,2
DA:120,2
DA:121,2
DA:123,0
DA:129,6
DA:132,5
DA:133,5
DA:135,3
DA:136,3
DA:137,2
DA:138,1
DA:139,1
DA:140,1
DA:141,1
DA:145,5
DA:146,2
DA:160,3
DA:173,5
DA:181,2
DA:182,2
DA:184,2
DA:185,2
DA:186,2
DA:187,1
DA:190,1
DA:191,1
DA:204,1
DA:206,1
DA:208,1
DA:210,2
DA:211,2
DA:215,1
LF:67
LH:66
BRDA:28,0,0,5
BRDA:28,0,1,6
BRDA:29,1,0,2
BRDA:29,1,1,4
BRDA:30,2,0,2
BRDA:30,2,1,2
BRDA:44,3,0,5
BRDA:44,3,1,5
BRDA:46,4,0,2
BRDA:46,4,1,3
BRDA:48,5,0,2
BRDA:48,5,1,1
BRDA:52,6,0,9
BRDA:52,6,1,1
BRDA:69,7,0,3
BRDA:69,7,1,1
BRDA:71,8,0,3
BRDA:71,8,1,0
BRDA:85,9,0,6
BRDA:85,9,1,4
BRDA:100,10,0,0
BRDA:100,11,0,5
BRDA:104,12,0,7
BRDA:104,12,1,5
BRDA:106,13,0,1
BRDA:106,13,1,6
BRDA:106,14,0,7
BRDA:106,14,1,6
BRDA:116,15,0,2
BRDA:116,15,1,4
BRDA:116,16,0,6
BRDA:116,16,1,5
BRDA:118,17,0,2
BRDA:118,17,1,0
BRDA:121,18,0,2
BRDA:121,18,1,0
BRDA:133,19,0,3
BRDA:133,19,1,2
BRDA:135,20,0,3
BRDA:135,20,1,2
BRDA:136,21,0,3
BRDA:136,21,1,2
BRDA:137,22,0,1
BRDA:137,22,1,1
BRDA:138,23,0,1
BRDA:138,23,1,0
BRDA:139,24,0,1
BRDA:139,24,1,0
BRDA:139,24,2,0
BRDA:140,25,0,1
BRDA:140,25,1,0
BRDA:141,26,0,1
BRDA:141,26,1,0
BRDA:141,26,2,0
BRDA:145,27,0,2
BRDA:145,27,1,3
BRDA:145,28,0,5
BRDA:145,28,1,2
BRF:58
BRH:48
end_of_record
TN:
SF:src\events\emitter.js
FN:26,emitEntityEvent
FNF:1
FNH:0
FNDA:0,emitEntityEvent
DA:14,1
DA:16,1
DA:19,1
DA:27,0
DA:33,0
DA:34,0
DA:35,0
DA:36,0
DA:39,0
DA:42,1
LF:10
LH:4
BRDA:34,0,0,0
BRDA:34,0,1,0
BRF:2
BRH:0
end_of_record
TN:
SF:src\events\listeners\audit.listener.js
FN:16,setupAuditListeners
FN:17,(anonymous_1)
FN:21,(anonymous_2)
FN:25,(anonymous_3)
FN:32,persistAudit
FNF:5
FNH:5
FNDA:1,setupAuditListeners
FNDA:1,(anonymous_1)
FNDA:1,(anonymous_2)
FNDA:1,(anonymous_3)
FNDA:3,persistAudit
DA:13,1
DA:14,1
DA:17,1
DA:18,1
DA:21,1
DA:22,1
DA:25,1
DA:26,1
DA:29,1
DA:33,3
DA:46,3
DA:48,3
DA:63,0
DA:67,1
LF:14
LH:13
BRDA:44,0,0,3
BRDA:51,1,0,3
BRDA:51,1,1,0
BRDA:52,2,0,2
BRDA:52,2,1,1
BRDA:52,3,0,3
BRDA:52,3,1,2
BRDA:53,4,0,2
BRDA:53,4,1,1
BRDA:53,5,0,3
BRDA:53,5,1,2
BRDA:54,6,0,3
BRDA:54,6,1,1
BRDA:55,7,0,3
BRDA:55,7,1,1
BRDA:56,8,0,3
BRDA:56,8,1,0
BRDA:57,9,0,3
BRDA:57,9,1,0
BRDA:58,10,0,3
BRDA:58,10,1,1
BRDA:60,11,0,3
BRDA:60,11,1,3
BRF:23
BRH:20
end_of_record
TN:
SF:src\middleware\auth.middleware.js
FN:4,authenticate
FNF:1
FNH:1
FNDA:17,authenticate
DA:1,1
DA:2,1
DA:5,17
DA:6,17
DA:7,2
DA:9,15
DA:10,15
DA:11,15
DA:12,15
DA:13,15
DA:14,15
DA:16,0
DA:20,1
LF:13
LH:12
BRDA:6,0,0,2
BRDA:6,0,1,15
BRDA:6,1,0,17
BRDA:6,1,1,15
BRDA:12,2,0,15
BRDA:12,2,1,0
BRDA:12,2,2,0
BRDA:13,3,0,15
BRDA:13,3,1,0
BRF:9
BRH:6
end_of_record
TN:
SF:src\middleware\context.middleware.js
FN:16,requestContextMiddleware
FN:28,(anonymous_1)
FNF:2
FNH:0
FNDA:0,requestContextMiddleware
FNDA:0,(anonymous_1)
DA:14,0
DA:17,0
DA:18,0
DA:20,0
DA:28,0
DA:31,0
LF:6
LH:0
BRDA:18,0,0,0
BRDA:18,0,1,0
BRDA:18,1,0,0
BRDA:18,1,1,0
BRDA:18,1,2,0
BRDA:21,2,0,0
BRDA:21,2,1,0
BRDA:21,2,2,0
BRDA:22,3,0,0
BRDA:22,3,1,0
BRDA:22,3,2,0
BRDA:25,4,0,0
BRDA:25,4,1,0
BRF:13
BRH:0
end_of_record
TN:
SF:src\middleware\error.middleware.js
FN:1,(anonymous_0)
FNF:1
FNH:0
FNDA:0,(anonymous_0)
DA:1,0
DA:2,0
DA:3,0
DA:5,0
DA:6,0
DA:12,0
DA:13,0
DA:18,0
DA:19,0
DA:24,0
DA:25,0
DA:30,0
DA:31,0
DA:33,0
DA:39,0
LF:15
LH:0
BRDA:5,0,0,0
BRDA:5,0,1,0
BRDA:12,1,0,0
BRDA:12,1,1,0
BRDA:18,2,0,0
BRDA:18,2,1,0
BRDA:24,3,0,0
BRDA:24,3,1,0
BRDA:30,4,0,0
BRDA:30,4,1,0
BRDA:31,5,0,0
BRDA:31,5,1,0
BRDA:35,6,0,0
BRDA:35,6,1,0
BRF:14
BRH:0
end_of_record
TN:
SF:src\middleware\rateLimiter.middleware.js
FN:4,(anonymous_0)
FNF:1
FNH:0
FNDA:0,(anonymous_0)
DA:1,0
DA:2,0
DA:4,0
DA:5,0
DA:6,0
DA:8,0
DA:9,0
DA:10,0
DA:11,0
DA:13,0
DA:14,0
DA:15,0
DA:16,0
DA:19,0
DA:21,0
DA:24,0
LF:16
LH:0
BRDA:5,0,0,0
BRDA:5,0,1,0
BRDA:10,1,0,0
BRDA:10,1,1,0
BRDA:15,2,0,0
BRDA:15,2,1,0
BRF:6
BRH:0
end_of_record
TN:
SF:src\models\audit.model.js
FNF:0
FNH:0
DA:1,1
DA:2,1
DA:4,1
DA:26,1
DA:27,1
DA:28,1
DA:29,1
DA:30,1
DA:32,1
DA:34,1
LF:10
LH:10
BRF:0
BRH:0
end_of_record
TN:
SF:src\models\customer.model.js
FN:4,(anonymous_0)
FN:9,(anonymous_1)
FN:18,(anonymous_2)
FN:20,(anonymous_3)
FN:29,(anonymous_4)
FN:33,(anonymous_5)
FN:45,(anonymous_6)
FN:50,(anonymous_7)
FNF:8
FNH:0
FNDA:0,(anonymous_0)
FNDA:0,(anonymous_1)
FNDA:0,(anonymous_2)
FNDA:0,(anonymous_3)
FNDA:0,(anonymous_4)
FNDA:0,(anonymous_5)
FNDA:0,(anonymous_6)
FNDA:0,(anonymous_7)
DA:1,0
DA:3,0
DA:5,0
DA:6,0
DA:10,0
DA:11,0
DA:15,0
DA:19,0
DA:20,0
DA:21,0
DA:23,0
DA:24,0
DA:25,0
DA:26,0
DA:30,0
DA:34,0
DA:35,0
DA:36,0
DA:37,0
DA:38,0
DA:39,0
DA:40,0
DA:44,0
DA:46,0
DA:47,0
DA:51,0
DA:52,0
DA:56,0
DA:60,0
LF:29
LH:0
BRDA:10,0,0,0
BRDA:21,1,0,0
BRDA:21,1,1,0
BRDA:23,2,0,0
BRDA:23,2,1,0
BRDA:33,3,0,0
BRDA:33,4,0,0
BRDA:36,5,0,0
BRDA:36,5,1,0
BRDA:51,6,0,0
BRF:10
BRH:0
end_of_record
TN:
SF:src\models\index.js
FN:6,initConnections
FNF:1
FNH:0
FNDA:0,initConnections
DA:1,1
DA:2,1
DA:3,1
DA:4,1
DA:7,0
DA:8,0
DA:9,0
DA:11,0
DA:14,0
DA:15,0
DA:16,0
DA:18,0
DA:21,0
DA:22,0
DA:23,0
DA:25,0
DA:29,1
LF:17
LH:5
BRF:0
BRH:0
end_of_record
TN:
SF:src\models\notification.model.js
FNF:0
FNH:0
DA:1,0
DA:2,0
DA:4,0
DA:15,0
DA:16,0
DA:18,0
DA:20,0
LF:7
LH:0
BRF:0
BRH:0
end_of_record
TN:
SF:src\models\product.model.js
FN:4,(anonymous_0)
FN:12,(anonymous_1)
FN:17,(anonymous_2)
FN:26,(anonymous_3)
FN:28,(anonymous_4)
FN:37,(anonymous_5)
FN:41,(anonymous_6)
FN:54,(anonymous_7)
FN:59,(anonymous_8)
FNF:9
FNH:0
FNDA:0,(anonymous_0)
FNDA:0,(anonymous_1)
FNDA:0,(anonymous_2)
FNDA:0,(anonymous_3)
FNDA:0,(anonymous_4)
FNDA:0,(anonymous_5)
FNDA:0,(anonymous_6)
FNDA:0,(anonymous_7)
FNDA:0,(anonymous_8)
DA:1,0
DA:3,0
DA:5,0
DA:9,0
DA:13,0
DA:14,0
DA:18,0
DA:19,0
DA:23,0
DA:27,0
DA:28,0
DA:29,0
DA:31,0
DA:32,0
DA:33,0
DA:34,0
DA:38,0
DA:42,0
DA:43,0
DA:44,0
DA:45,0
DA:46,0
DA:47,0
DA:48,0
DA:49,0
DA:53,0
DA:55,0
DA:56,0
DA:60,0
DA:61,0
DA:62,0
DA:66,0
LF:32
LH:0
BRDA:29,0,0,0
BRDA:29,0,1,0
BRDA:31,1,0,0
BRDA:31,1,1,0
BRDA:41,2,0,0
BRDA:41,3,0,0
BRDA:41,4,0,0
BRDA:44,5,0,0
BRDA:44,5,1,0
BRDA:45,6,0,0
BRDA:45,6,1,0
BRF:11
BRH:0
end_of_record
TN:
SF:src\models\sale.model.js
FN:4,(anonymous_0)
FN:18,(anonymous_1)
FN:19,(anonymous_2)
FN:45,(anonymous_3)
FN:50,(anonymous_4)
FN:63,(anonymous_5)
FNF:6
FNH:0
FNDA:0,(anonymous_0)
FNDA:0,(anonymous_1)
FNDA:0,(anonymous_2)
FNDA:0,(anonymous_3)
FNDA:0,(anonymous_4)
FNDA:0,(anonymous_5)
DA:1,0
DA:3,0
DA:5,0
DA:9,0
DA:10,0
DA:14,0
DA:15,0
DA:19,0
DA:20,0
DA:21,0
DA:26,0
DA:27,0
DA:28,0
DA:29,0
DA:34,0
DA:41,0
DA:46,0
DA:47,0
DA:51,0
DA:52,0
DA:53,0
DA:54,0
DA:55,0
DA:56,0
DA:57,0
DA:58,0
DA:59,0
DA:60,0
DA:64,0
DA:68,0
DA:72,0
LF:31
LH:0
BRDA:9,0,0,0
BRDA:9,0,1,0
BRDA:20,1,0,0
BRDA:20,2,0,0
BRDA:27,3,0,0
BRDA:27,3,1,0
BRDA:27,4,0,0
BRDA:27,4,1,0
BRDA:50,5,0,0
BRDA:50,6,0,0
BRDA:50,7,0,0
BRDA:53,8,0,0
BRDA:53,8,1,0
BRDA:54,9,0,0
BRDA:54,9,1,0
BRDA:55,10,0,0
BRDA:55,10,1,0
BRDA:56,11,0,0
BRDA:56,11,1,0
BRF:19
BRH:0
end_of_record
TN:
SF:src\models\user.model.js
FN:4,(anonymous_0)
FN:12,(anonymous_1)
FN:17,(anonymous_2)
FN:22,(anonymous_3)
FN:31,(anonymous_4)
FN:35,(anonymous_5)
FN:47,(anonymous_6)
FN:51,(anonymous_7)
FNF:8
FNH:0
FNDA:0,(anonymous_0)
FNDA:0,(anonymous_1)
FNDA:0,(anonymous_2)
FNDA:0,(anonymous_3)
FNDA:0,(anonymous_4)
FNDA:0,(anonymous_5)
FNDA:0,(anonymous_6)
FNDA:0,(anonymous_7)
DA:1,0
DA:3,0
DA:5,0
DA:9,0
DA:13,0
DA:14,0
DA:18,0
DA:19,0
DA:23,0
DA:24,0
DA:28,0
DA:32,0
DA:33,0
DA:34,0
DA:35,0
DA:36,0
DA:38,0
DA:39,0
DA:40,0
DA:44,0
DA:48,0
DA:52,0
DA:56,0
DA:60,0
LF:24
LH:0
BRDA:36,0,0,0
BRDA:36,0,1,0
BRDA:38,1,0,0
BRDA:38,1,1,0
BRDA:51,2,0,0
BRDA:51,3,0,0
BRF:6
BRH:0
end_of_record
TN:
SF:src\routes\audit.routes.js
FNF:0
FNH:0
DA:1,1
DA:2,1
DA:3,1
DA:5,1
DA:6,1
DA:8,1
LF:6
LH:6
BRF:0
BRH:0
end_of_record
TN:
SF:src\routes\auth.routes.js
FNF:0
FNH:0
DA:1,1
DA:2,1
DA:3,1
DA:5,1
DA:7,1
DA:8,1
DA:9,1
DA:10,1
DA:11,1
DA:13,1
LF:10
LH:10
BRF:0
BRH:0
end_of_record
TN:
SF:src\routes\category.routes.js
FNF:0
FNH:0
DA:1,1
DA:2,1
DA:4,1
DA:7,1
DA:8,1
DA:10,1
LF:6
LH:6
BRF:0
BRH:0
end_of_record
TN:
SF:src\routes\credit.routes.js
FNF:0
FNH:0
DA:1,1
DA:2,1
DA:4,1
DA:7,1
DA:9,1
LF:5
LH:5
BRF:0
BRH:0
end_of_record
TN:
SF:src\routes\customers.routes.js
FNF:0
FNH:0
DA:1,1
DA:2,1
DA:4,1
DA:7,1
DA:8,1
DA:9,1
DA:10,1
DA:11,1
DA:12,1
DA:14,1
LF:10
LH:10
BRF:0
BRH:0
end_of_record
TN:
SF:src\routes\index.js
FNF:0
FNH:0
DA:1,1
DA:2,1
DA:3,1
DA:4,1
DA:5,1
DA:6,1
DA:7,1
DA:8,1
DA:9,1
DA:10,1
DA:11,1
DA:12,1
DA:14,1
DA:17,1
DA:20,1
DA:21,1
DA:24,1
DA:25,1
DA:28,1
DA:31,1
DA:32,1
DA:33,1
DA:34,1
DA:35,1
DA:36,1
DA:37,1
DA:39,1
LF:27
LH:27
BRF:0
BRH:0
end_of_record
TN:
SF:src\routes\inventory.routes.js
FNF:0
FNH:0
DA:1,1
DA:2,1
DA:4,1
DA:7,1
DA:8,1
DA:9,1
DA:10,1
DA:11,1
DA:13,1
LF:9
LH:9
BRF:0
BRH:0
end_of_record
TN:
SF:src\routes\notifications.routes.js
FNF:0
FNH:0
DA:1,1
DA:2,1
DA:4,1
DA:6,1
DA:7,1
DA:8,1
DA:9,1
DA:10,1
DA:11,1
DA:13,1
LF:10
LH:10
BRF:0
BRH:0
end_of_record
TN:
SF:src\routes\sales.routes.js
FNF:0
FNH:0
DA:1,1
DA:2,1
DA:4,1
DA:6,1
DA:7,1
DA:8,1
DA:9,1
DA:10,1
DA:12,1
LF:9
LH:9
BRF:0
BRH:0
end_of_record
TN:
SF:src\routes\test.routes.js
FNF:0
FNH:0
DA:1,1
DA:2,1
DA:3,1
DA:6,1
DA:9,1
DA:12,1
DA:15,1
DA:17,1
LF:8
LH:8
BRF:0
BRH:0
end_of_record
TN:
SF:src\services\audit.service.js
FN:8,(anonymous_0)
FN:29,(anonymous_1)
FN:42,(anonymous_2)
FN:52,(anonymous_3)
FN:63,(anonymous_4)
FN:84,(anonymous_5)
FNF:6
FNH:0
FNDA:0,(anonymous_0)
FNDA:0,(anonymous_1)
FNDA:0,(anonymous_2)
FNDA:0,(anonymous_3)
FNDA:0,(anonymous_4)
FNDA:0,(anonymous_5)
DA:1,0
DA:3,0
DA:9,0
DA:10,0
DA:25,0
DA:30,0
DA:43,0
DA:53,0
DA:64,0
DA:65,0
DA:67,0
DA:68,0
DA:69,0
DA:70,0
DA:72,0
DA:73,0
DA:74,0
DA:75,0
DA:78,0
DA:85,0
DA:91,0
LF:21
LH:0
BRDA:8,0,0,0
BRDA:14,1,0,0
BRDA:14,1,1,0
BRDA:29,2,0,0
BRDA:29,3,0,0
BRDA:63,4,0,0
BRDA:63,5,0,0
BRDA:63,6,0,0
BRDA:67,7,0,0
BRDA:67,7,1,0
BRDA:68,8,0,0
BRDA:68,8,1,0
BRDA:69,9,0,0
BRDA:69,9,1,0
BRDA:70,10,0,0
BRDA:70,10,1,0
BRDA:72,11,0,0
BRDA:72,11,1,0
BRDA:72,12,0,0
BRDA:72,12,1,0
BRDA:74,13,0,0
BRDA:74,13,1,0
BRDA:75,14,0,0
BRDA:75,14,1,0
BRDA:84,15,0,0
BRF:25
BRH:0
end_of_record
TN:
SF:src\services\auth.service.js
FN:7,(anonymous_0)
FN:15,(anonymous_1)
FN:26,(anonymous_2)
FN:30,(anonymous_3)
FN:34,(anonymous_4)
FNF:5
FNH:4
FNDA:5,(anonymous_0)
FNDA:5,(anonymous_1)
FNDA:2,(anonymous_2)
FNDA:2,(anonymous_3)
FNDA:0,(anonymous_4)
DA:1,2
DA:2,2
DA:3,2
DA:4,2
DA:6,2
DA:8,5
DA:9,5
DA:10,5
DA:11,2
DA:12,2
DA:16,5
DA:17,5
DA:18,5
DA:19,3
DA:20,3
DA:21,2
DA:22,2
DA:23,2
DA:27,2
DA:31,2
DA:35,0
DA:39,2
LF:22
LH:21
BRDA:8,0,0,4
BRDA:9,1,0,5
BRDA:9,1,1,3
BRDA:10,2,0,3
BRDA:10,2,1,2
BRDA:18,3,0,2
BRDA:18,3,1,3
BRDA:20,4,0,1
BRDA:20,4,1,2
BRF:9
BRH:9
end_of_record
TN:
SF:src\services\cache.service.js
FN:28,getOrSet
FN:57,invalidate
FN:72,invalidatePattern
FNF:3
FNH:3
FNDA:18,getOrSet
FNDA:5,invalidate
FNDA:8,invalidatePattern
DA:15,4
DA:17,4
DA:29,18
DA:30,18
DA:31,17
DA:32,1
DA:35,1
DA:39,17
DA:42,17
DA:43,15
DA:44,15
DA:46,1
DA:50,17
DA:58,5
DA:59,5
DA:61,0
DA:73,8
DA:74,8
DA:75,8
DA:76,8
DA:78,8
DA:79,9
DA:80,8
DA:81,8
DA:83,8
DA:84,2
DA:85,2
DA:89,7
DA:90,1
DA:93,1
DA:97,4
LF:31
LH:30
BRDA:28,0,0,0
BRDA:31,1,0,1
BRDA:31,1,1,16
BRDA:42,2,0,15
BRDA:42,2,1,2
BRDA:42,3,0,17
BRDA:42,3,1,17
BRDA:72,4,0,7
BRDA:83,5,0,2
BRDA:83,5,1,6
BRDA:89,6,0,1
BRDA:89,6,1,6
BRF:12
BRH:11
end_of_record
TN:
SF:src\services\customers.service.js
FN:4,(anonymous_0)
FN:8,(anonymous_1)
FN:12,(anonymous_2)
FN:16,(anonymous_3)
FN:20,(anonymous_4)
FN:24,(anonymous_5)
FN:28,(anonymous_6)
FNF:7
FNH:7
FNDA:1,(anonymous_0)
FNDA:1,(anonymous_1)
FNDA:1,(anonymous_2)
FNDA:1,(anonymous_3)
FNDA:2,(anonymous_4)
FNDA:2,(anonymous_5)
FNDA:1,(anonymous_6)
DA:1,2
DA:3,2
DA:5,1
DA:9,1
DA:13,1
DA:17,1
DA:21,2
DA:25,2
DA:29,1
DA:33,2
LF:10
LH:10
BRF:0
BRH:0
end_of_record
TN:
SF:src\services\inventory.service.js
FN:11,(anonymous_0)
FN:14,(anonymous_1)
FN:19,(anonymous_2)
FN:25,(anonymous_3)
FN:34,(anonymous_4)
FN:41,(anonymous_5)
FN:46,(anonymous_6)
FN:51,(anonymous_7)
FN:54,(anonymous_8)
FN:59,(anonymous_9)
FN:65,(anonymous_10)
FNF:11
FNH:10
FNDA:4,(anonymous_0)
FNDA:4,(anonymous_1)
FNDA:2,(anonymous_2)
FNDA:1,(anonymous_3)
FNDA:1,(anonymous_4)
FNDA:2,(anonymous_5)
FNDA:2,(anonymous_6)
FNDA:2,(anonymous_7)
FNDA:2,(anonymous_8)
FNDA:1,(anonymous_9)
FNDA:0,(anonymous_10)
DA:1,2
DA:2,2
DA:4,2
DA:10,2
DA:12,4
DA:14,4
DA:20,2
DA:21,2
DA:22,2
DA:26,1
DA:27,1
DA:28,1
DA:29,1
DA:31,1
DA:35,1
DA:36,1
DA:37,1
DA:38,1
DA:42,2
DA:43,2
DA:44,2
DA:46,2
DA:52,2
DA:54,2
DA:60,1
DA:61,1
DA:62,1
DA:66,0
DA:67,0
DA:71,2
LF:30
LH:28
BRDA:27,0,0,1
BRDA:27,0,1,0
BRDA:42,1,0,2
BRDA:42,1,1,0
BRF:4
BRH:2
end_of_record
TN:
SF:src\services\notifications.service.js
FN:4,(anonymous_0)
FN:8,(anonymous_1)
FN:14,(anonymous_2)
FN:18,(anonymous_3)
FN:22,(anonymous_4)
FN:26,(anonymous_5)
FNF:6
FNH:6
FNDA:1,(anonymous_0)
FNDA:3,(anonymous_1)
FNDA:1,(anonymous_2)
FNDA:1,(anonymous_3)
FNDA:1,(anonymous_4)
FNDA:2,(anonymous_5)
DA:1,2
DA:3,2
DA:5,1
DA:9,3
DA:10,3
DA:11,3
DA:15,1
DA:19,1
DA:23,1
DA:27,2
DA:31,2
LF:11
LH:11
BRDA:10,0,0,1
BRDA:10,0,1,2
BRF:2
BRH:2
end_of_record
TN:
SF:src\services\redis.service.js
FN:6,connectRedis
FN:12,getRedisClient
FN:17,(anonymous_2)
FN:23,(anonymous_3)
FN:29,(anonymous_4)
FN:34,(anonymous_5)
FN:39,(anonymous_6)
FN:44,(anonymous_7)
FNF:8
FNH:0
FNDA:0,connectRedis
FNDA:0,getRedisClient
FNDA:0,(anonymous_2)
FNDA:0,(anonymous_3)
FNDA:0,(anonymous_4)
FNDA:0,(anonymous_5)
FNDA:0,(anonymous_6)
FNDA:0,(anonymous_7)
DA:1,0
DA:2,0
DA:4,0
DA:7,0
DA:8,0
DA:9,0
DA:13,0
DA:16,0
DA:18,0
DA:19,0
DA:20,0
DA:24,0
DA:25,0
DA:26,0
DA:30,0
DA:31,0
DA:35,0
DA:36,0
DA:40,0
DA:41,0
DA:45,0
DA:46,0
DA:50,0
LF:23
LH:0
BRDA:7,0,0,0
BRDA:7,0,1,0
BRDA:17,1,0,0
BRDA:19,2,0,0
BRDA:19,2,1,0
BRDA:26,3,0,0
BRDA:26,3,1,0
BRF:7
BRH:0
end_of_record
TN:
SF:src\services\sales.service.js
FN:11,(anonymous_0)
FN:14,(anonymous_1)
FN:19,(anonymous_2)
FN:29,(anonymous_3)
FN:38,(anonymous_4)
FN:43,(anonymous_5)
FN:48,(anonymous_6)
FN:51,(anonymous_7)
FN:56,(anonymous_8)
FNF:9
FNH:8
FNDA:2,(anonymous_0)
FNDA:2,(anonymous_1)
FNDA:1,(anonymous_2)
FNDA:1,(anonymous_3)
FNDA:2,(anonymous_4)
FNDA:2,(anonymous_5)
FNDA:2,(anonymous_6)
FNDA:2,(anonymous_7)
FNDA:0,(anonymous_8)
DA:1,2
DA:2,2
DA:4,2
DA:10,2
DA:12,2
DA:14,2
DA:20,1
DA:21,1
DA:22,1
DA:23,1
DA:24,1
DA:26,1
DA:30,1
DA:31,1
DA:32,1
DA:33,1
DA:35,1
DA:39,2
DA:40,2
DA:41,2
DA:43,2
DA:49,2
DA:51,2
DA:57,0
DA:58,0
DA:62,2
LF:26
LH:24
BRDA:21,0,0,1
BRDA:21,0,1,0
BRDA:31,1,0,1
BRDA:31,1,1,0
BRDA:39,2,0,2
BRDA:39,2,1,0
BRF:6
BRH:3
end_of_record
